NotePad-master/app/build/intermediates/manifest_merge_blame_file/debug/manifest-merger-blame-debug-report.txt
1<?xml version="1.0" encoding="utf-8"?>
2<!--
3 Copyright (C) 2007 The Android Open Source Project
4
5     Licensed under the Apache License, Version 2.0 (the "License");
6     you may not use this file except in compliance with the License.
7     You may obtain a copy of the License at
8
9          http://www.apache.org/licenses/LICENSE-2.0
10
11     Unless required by applicable law or agreed to in writing, software
12     distributed under the License is distributed on an "AS IS" BASIS,
13     WITHOUT WARRANTIES OR CONDITIONS OF ANY KIND, either express or implied.
14     See the License for the specific language governing permissions and
15     limitations under the License.
16-->
17<!--
18 Declare the contents of this Android application.  The namespace
19     attribute brings in the Android platform namespace, and the package
20     supplies a unique name for the application.  When writing your
21     own application, the package name must be changed from "com.example.*"
22     to come from a domain that you own or have control over.
23-->
24<manifest xmlns:android="http://schemas.android.com/apk/res/android"
25    package="com.example.android.notepad"
26    android:versionCode="1"
27    android:versionName="1.0" >
28
29    <uses-sdk
30        android:minSdkVersion="28"
30-->src\main\AndroidManifest.xml
31        android:targetSdkVersion="29" />
31-->src\main\AndroidManifest.xml
32
33    <application
33-->src\main\AndroidManifest.xml:25:5-131:19
34        android:debuggable="true"
35        android:icon="@drawable/app_notes"
35-->src\main\AndroidManifest.xml:25:18-52
36        android:label="@string/app_name" >
36-->src\main\AndroidManifest.xml:26:9-41
37        <provider
37-->src\main\AndroidManifest.xml:28:9-32:20
38            android:name="com.example.android.notepad.NotePadProvider"
38-->src\main\AndroidManifest.xml:28:19-49
39            android:authorities="com.google.provider.NotePad"
39-->src\main\AndroidManifest.xml:29:13-62
40            android:exported="false" >
40-->src\main\AndroidManifest.xml:30:13-37
41            <grant-uri-permission android:pathPattern=".*" />
41-->src\main\AndroidManifest.xml:31:13-62
41-->src\main\AndroidManifest.xml:31:35-59
42        </provider>
43
44        <activity
44-->src\main\AndroidManifest.xml:34:9-53:20
45            android:name="com.example.android.notepad.NotesList"
45-->src\main\AndroidManifest.xml:34:19-43
46            android:label="@string/title_notes_list" >
46-->src\main\AndroidManifest.xml:34:44-84
47            <intent-filter>
47-->src\main\AndroidManifest.xml:35:13-38:29
48                <action android:name="android.intent.action.MAIN" />
48-->src\main\AndroidManifest.xml:36:17-69
48-->src\main\AndroidManifest.xml:36:25-66
49
50                <category android:name="android.intent.category.LAUNCHER" />
50-->src\main\AndroidManifest.xml:37:17-77
50-->src\main\AndroidManifest.xml:37:27-74
51            </intent-filter>
52            <intent-filter>
52-->src\main\AndroidManifest.xml:40:13-46:29
53                <action android:name="android.intent.action.VIEW" />
53-->src\main\AndroidManifest.xml:41:17-69
53-->src\main\AndroidManifest.xml:41:25-66
54                <action android:name="android.intent.action.EDIT" />
54-->src\main\AndroidManifest.xml:42:17-69
54-->src\main\AndroidManifest.xml:42:25-66
55                <action android:name="android.intent.action.PICK" />
55-->src\main\AndroidManifest.xml:43:17-69
55-->src\main\AndroidManifest.xml:43:25-66
56
57                <category android:name="android.intent.category.DEFAULT" />
57-->src\main\AndroidManifest.xml:44:17-76
57-->src\main\AndroidManifest.xml:44:27-73
58
59                <data android:mimeType="vnd.android.cursor.dir/vnd.google.note" />
59-->src\main\AndroidManifest.xml:45:17-83
59-->src\main\AndroidManifest.xml:45:23-80
60            </intent-filter>
61            <intent-filter>
61-->src\main\AndroidManifest.xml:48:13-52:29
62                <action android:name="android.intent.action.GET_CONTENT" />
62-->src\main\AndroidManifest.xml:49:17-76
62-->src\main\AndroidManifest.xml:49:25-73
63
64                <category android:name="android.intent.category.DEFAULT" />
64-->src\main\AndroidManifest.xml:44:17-76
64-->src\main\AndroidManifest.xml:44:27-73
65
66                <data android:mimeType="vnd.android.cursor.item/vnd.google.note" />
66-->src\main\AndroidManifest.xml:45:17-83
66-->src\main\AndroidManifest.xml:45:23-80
67            </intent-filter>
68        </activity>
69        <activity
69-->src\main\AndroidManifest.xml:55:9-81:20
70            android:name="com.example.android.notepad.NoteEditor"
70-->src\main\AndroidManifest.xml:55:19-44
71            android:configChanges="keyboardHidden|orientation"
71-->src\main\AndroidManifest.xml:58:13-63
72            android:screenOrientation="sensor"
72-->src\main\AndroidManifest.xml:57:13-47
73            android:theme="@android:style/Theme.Holo.Light" >
73-->src\main\AndroidManifest.xml:56:13-60
74
75            <!--
76                 This filter says that we can view or edit the data of
77                 a single note
78            -->
79            <intent-filter android:label="@string/resolve_edit" >
79-->src\main\AndroidManifest.xml:62:13-68:29
79-->src\main\AndroidManifest.xml:62:28-64
80                <action android:name="android.intent.action.VIEW" />
80-->src\main\AndroidManifest.xml:41:17-69
80-->src\main\AndroidManifest.xml:41:25-66
81                <action android:name="android.intent.action.EDIT" />
81-->src\main\AndroidManifest.xml:42:17-69
81-->src\main\AndroidManifest.xml:42:25-66
82                <action android:name="com.android.notepad.action.EDIT_NOTE" />
82-->src\main\AndroidManifest.xml:65:17-79
82-->src\main\AndroidManifest.xml:65:25-76
83
84                <category android:name="android.intent.category.DEFAULT" />
84-->src\main\AndroidManifest.xml:44:17-76
84-->src\main\AndroidManifest.xml:44:27-73
85
86                <data android:mimeType="vnd.android.cursor.item/vnd.google.note" />
86-->src\main\AndroidManifest.xml:45:17-83
86-->src\main\AndroidManifest.xml:45:23-80
87            </intent-filter>
88
89            <!--
90                 This filter says that we can create a new note inside
91                 of a directory of notes.  The INSERT action creates an
92                 empty note; the PASTE action initializes a new note from
93                 the current contents of the clipboard.
94            -->
95            <intent-filter>
95-->src\main\AndroidManifest.xml:74:13-79:29
96                <action android:name="android.intent.action.INSERT" />
96-->src\main\AndroidManifest.xml:75:17-71
96-->src\main\AndroidManifest.xml:75:25-68
97                <action android:name="android.intent.action.PASTE" />
97-->src\main\AndroidManifest.xml:76:17-70
97-->src\main\AndroidManifest.xml:76:25-67
98
99                <category android:name="android.intent.category.DEFAULT" />
99-->src\main\AndroidManifest.xml:44:17-76
99-->src\main\AndroidManifest.xml:44:27-73
100
101                <data android:mimeType="vnd.android.cursor.dir/vnd.google.note" />
101-->src\main\AndroidManifest.xml:45:17-83
101-->src\main\AndroidManifest.xml:45:23-80
102            </intent-filter>
103        </activity>
104        <activity
104-->src\main\AndroidManifest.xml:82:9-94:20
105            android:name="com.example.android.notepad.NoteSearch"
105-->src\main\AndroidManifest.xml:83:13-39
106            android:label="NoteSearch" >
106-->src\main\AndroidManifest.xml:84:13-39
107            <intent-filter>
107-->src\main\AndroidManifest.xml:87:13-93:29
108                <action android:name="android.intent.action.NoteSearch" />
108-->src\main\AndroidManifest.xml:88:17-75
108-->src\main\AndroidManifest.xml:88:25-72
109                <action android:name="android.intent.action.SEARCH" />
109-->src\main\AndroidManifest.xml:89:17-71
109-->src\main\AndroidManifest.xml:89:25-68
110                <action android:name="android.intent.action.SEARCH_LONG_PRESS" />
110-->src\main\AndroidManifest.xml:90:17-82
110-->src\main\AndroidManifest.xml:90:25-79
111
112                <category android:name="android.intent.category.DEFAULT" />
112-->src\main\AndroidManifest.xml:44:17-76
112-->src\main\AndroidManifest.xml:44:27-73
113
114                <data android:mimeType="vnd.android.cursor.dir/vnd.google.note" />
114-->src\main\AndroidManifest.xml:45:17-83
114-->src\main\AndroidManifest.xml:45:23-80
115            </intent-filter>
116        </activity>
117        <activity
117-->src\main\AndroidManifest.xml:96:9-121:20
118            android:name="com.example.android.notepad.TitleEditor"
118-->src\main\AndroidManifest.xml:96:19-45
119            android:icon="@drawable/ic_menu_edit"
119-->src\main\AndroidManifest.xml:98:13-50
120            android:label="@string/title_edit_title"
120-->src\main\AndroidManifest.xml:97:13-53
121            android:theme="@android:style/Theme.Holo.Dialog"
121-->src\main\AndroidManifest.xml:99:13-61
122            android:windowSoftInputMode="stateVisible" >
122-->src\main\AndroidManifest.xml:100:13-55
123
124            <!--
125                 This activity implements an alternative action that can be
126                 performed on notes: editing their title.  It can be used as
127                 a default operation if the user invokes this action, and is
128                 available as an alternative action for any note data.
129            -->
130            <intent-filter android:label="@string/resolve_title" >
130-->src\main\AndroidManifest.xml:105:13-120:29
130-->src\main\AndroidManifest.xml:105:28-65
131
132                <!--
133                     This is the action we perform.  It is a custom action we
134                     define for our application, not a generic VIEW or EDIT
135                     action since we are not a general note viewer/editor.
136                -->
137                <action android:name="com.android.notepad.action.EDIT_TITLE" />
137-->src\main\AndroidManifest.xml:109:17-80
137-->src\main\AndroidManifest.xml:109:25-77
138                <!-- DEFAULT: execute if being directly invoked. -->
139                <category android:name="android.intent.category.DEFAULT" />
139-->src\main\AndroidManifest.xml:44:17-76
139-->src\main\AndroidManifest.xml:44:27-73
140                <!--
141                     ALTERNATIVE: show as an alternative action when the user is
142                     working with this type of data.
143                -->
144                <category android:name="android.intent.category.ALTERNATIVE" />
144-->src\main\AndroidManifest.xml:114:17-80
144-->src\main\AndroidManifest.xml:114:27-77
145                <!--
146                     SELECTED_ALTERNATIVE: show as an alternative action the user
147                     can perform when selecting this type of data.
148                -->
149                <category android:name="android.intent.category.SELECTED_ALTERNATIVE" />
149-->src\main\AndroidManifest.xml:117:17-89
149-->src\main\AndroidManifest.xml:117:27-86
150                <!-- This is the data type we operate on. -->
151                <data android:mimeType="vnd.android.cursor.item/vnd.google.note" />
151-->src\main\AndroidManifest.xml:45:17-83
151-->src\main\AndroidManifest.xml:45:23-80
152            </intent-filter>
153        </activity>
154        <activity
154-->src\main\AndroidManifest.xml:123:9-129:20
155            android:name="com.example.android.notepad.NotesLiveFolder"
155-->src\main\AndroidManifest.xml:123:19-49
156            android:icon="@drawable/live_folder_notes"
156-->src\main\AndroidManifest.xml:124:13-55
157            android:label="@string/live_folder_name" >
157-->src\main\AndroidManifest.xml:123:50-90
158            <intent-filter>
158-->src\main\AndroidManifest.xml:125:13-128:29
159                <action android:name="android.intent.action.CREATE_LIVE_FOLDER" />
159-->src\main\AndroidManifest.xml:126:17-83
159-->src\main\AndroidManifest.xml:126:25-80
160
161                <category android:name="android.intent.category.DEFAULT" />
161-->src\main\AndroidManifest.xml:44:17-76
161-->src\main\AndroidManifest.xml:44:27-73
162            </intent-filter>
163        </activity>
164    </application>
165
166</manifest>